<?xml version="1.0" encoding="UTF-8"?>
<testsuite xmlns:xsi="http://www.w3.org/2001/XMLSchema-instance" xsi:schemaLocation="https://maven.apache.org/surefire/maven-surefire-plugin/xsd/surefire-test-report.xsd" name="org.apache.nifi.attribute.expression.language.TestQuery" time="6.131" tests="99" errors="0" skipped="1" failures="0">
  <properties>
[...]
</properties>
  <testcase name="testRandomFunction" classname="org.apache.nifi.attribute.expression.language.TestQuery" time="0"/>
  <testcase name="testMathResultInterpretation" classname="org.apache.nifi.attribute.expression.language.TestQuery" time="0.754"/>
  <testcase name="testSingleLetterAttribute" classname="org.apache.nifi.attribute.expression.language.TestQuery" time="0.002"/>
  <testcase name="testReplaceAllWithMatchingGroup" classname="org.apache.nifi.attribute.expression.language.TestQuery" time="0.033"/>
  <testcase name="testWithTicksOutside" classname="org.apache.nifi.attribute.expression.language.TestQuery" time="0"/>
  <testcase name="testComplicatedEmbeddedExpressions" classname="org.apache.nifi.attribute.expression.language.TestQuery" time="0.219"/>
  <testcase name="testEmbeddedExpressionsAndQuotes" classname="org.apache.nifi.attribute.expression.language.TestQuery" time="0.004"/>
  <testcase name="testReplaceAll" classname="org.apache.nifi.attribute.expression.language.TestQuery" time="0.026"/>
  <testcase name="testDeeplyEmbedded" classname="org.apache.nifi.attribute.expression.language.TestQuery" time="0.057"/>
  <testcase name="testDateFormatConversionWithTimeZone" classname="org.apache.nifi.attribute.expression.language.TestQuery" time="0.051"/>
  <testcase name="testToRadix" classname="org.apache.nifi.attribute.expression.language.TestQuery" time="0.116"/>
  <testcase name="testCallToFunctionWithSubjectResultOfAnotherFunctionCall" classname="org.apache.nifi.attribute.expression.language.TestQuery" time="0.031"/>
  <testcase name="testIsValidExpression" classname="org.apache.nifi.attribute.expression.language.TestQuery" time="0.076"/>
  <testcase name="testDoubleQuotesWithinSingleQuotes" classname="org.apache.nifi.attribute.expression.language.TestQuery" time="0.019"/>
  <testcase name="testExtractExpressionTypes" classname="org.apache.nifi.attribute.expression.language.TestQuery" time="0"/>
  <testcase name="testNewLinesAndTabsInQuery" classname="org.apache.nifi.attribute.expression.language.TestQuery" time="0.027"/>
  <testcase name="testAnd" classname="org.apache.nifi.attribute.expression.language.TestQuery" time="0.095"/>
  <testcase name="testNot" classname="org.apache.nifi.attribute.expression.language.TestQuery" time="0.061"/>
  <testcase name="testSimpleSubstring" classname="org.apache.nifi.attribute.expression.language.TestQuery" time="0.001"/>
  <testcase name="testEscapeQuotes" classname="org.apache.nifi.attribute.expression.language.TestQuery" time="0.003"/>
  <testcase name="testSubjectAsEmbeddedExpressionWithSurroundChars" classname="org.apache.nifi.attribute.expression.language.TestQuery" time="0.033"/>
  <testcase name="testJsonPath" classname="org.apache.nifi.attribute.expression.language.TestQuery" time="1.047"/>
  <testcase name="testEvaluateWithinCurlyBraces" classname="org.apache.nifi.attribute.expression.language.TestQuery" time="0"/>
  <testcase name="testAttributesWithSpaces" classname="org.apache.nifi.attribute.expression.language.TestQuery" time="0.038"/>
  <testcase name="testCount" classname="org.apache.nifi.attribute.expression.language.TestQuery" time="0.133"/>
  <testcase name="testDate" classname="org.apache.nifi.attribute.expression.language.TestQuery" time="0.017"/>
  <testcase name="testFind" classname="org.apache.nifi.attribute.expression.language.TestQuery" time="0.042"/>
  <testcase name="testJoin" classname="org.apache.nifi.attribute.expression.language.TestQuery" time="0.065"/>
  <testcase name="testImplicitConversions" classname="org.apache.nifi.attribute.expression.language.TestQuery" time="0.169"/>
  <testcase name="testSubstringBefore" classname="org.apache.nifi.attribute.expression.language.TestQuery" time="0.039"/>
  <testcase name="testSubstringAfter" classname="org.apache.nifi.attribute.expression.language.TestQuery" time="0.063"/>
  <testcase name="testMathDecimalOperations" classname="org.apache.nifi.attribute.expression.language.TestQuery" time="0.114"/>
  <testcase name="testIsNullOrLengthEquals0" classname="org.apache.nifi.attribute.expression.language.TestQuery" time="0.003"/>
  <testcase name="testFunctionAfterReduce" classname="org.apache.nifi.attribute.expression.language.TestQuery" time="0.146"/>
  <testcase name="testQuotingQuotes" classname="org.apache.nifi.attribute.expression.language.TestQuery" time="0"/>
  <testcase name="testIn" classname="org.apache.nifi.attribute.expression.language.TestQuery" time="0.036"/>
  <testcase name="testOr" classname="org.apache.nifi.attribute.expression.language.TestQuery" time="0.016"/>
  <testcase name="testAnyAttributeEmbedded" classname="org.apache.nifi.attribute.expression.language.TestQuery" time="0.036"/>
  <testcase name="testEqualsEmbedded" classname="org.apache.nifi.attribute.expression.language.TestQuery" time="0.034"/>
  <testcase name="testCannotCombineWithNonReducingFunction" classname="org.apache.nifi.attribute.expression.language.TestQuery" time="0.001"/>
  <testcase name="testMathLiteralOperations" classname="org.apache.nifi.attribute.expression.language.TestQuery" time="0.004"/>
  <testcase name="testAndOrNot" classname="org.apache.nifi.attribute.expression.language.TestQuery" time="0.016"/>
  <testcase name="testGetAttributeValue" classname="org.apache.nifi.attribute.expression.language.TestQuery" time="0.001"/>
  <testcase name="testReplaceNull" classname="org.apache.nifi.attribute.expression.language.TestQuery" time="0.007"/>
  <testcase name="testLiteral" classname="org.apache.nifi.attribute.expression.language.TestQuery" time="0.052"/>
  <testcase name="testEqualsNumber" classname="org.apache.nifi.attribute.expression.language.TestQuery" time="0.001"/>
  <testcase name="testBase64Decode" classname="org.apache.nifi.attribute.expression.language.TestQuery" time="0.031"/>
  <testcase name="testBase64Encode" classname="org.apache.nifi.attribute.expression.language.TestQuery" time="0.029"/>
  <testcase name="testEscapeFunctions" classname="org.apache.nifi.attribute.expression.language.TestQuery" time="0.107"/>
  <testcase name="testAllDelineatedValues" classname="org.apache.nifi.attribute.expression.language.TestQuery" time="0.059"/>
  <testcase name="testComments" classname="org.apache.nifi.attribute.expression.language.TestQuery" time="0.001"/>
  <testcase name="testToNumberFunctionReturnsNumberType" classname="org.apache.nifi.attribute.expression.language.TestQuery" time="0"/>
  <testcase name="testProblematic1" classname="org.apache.nifi.attribute.expression.language.TestQuery" time="0.001"/>
  <testcase name="testGetAttributeValueEmbedded" classname="org.apache.nifi.attribute.expression.language.TestQuery" time="0.001"/>
  <testcase name="testDateFormatConversion" classname="org.apache.nifi.attribute.expression.language.TestQuery" time="0.006"/>
  <testcase name="testAnyAttribute" classname="org.apache.nifi.attribute.expression.language.TestQuery" time="0.007"/>
  <testcase name="testAndOrLogicWithAnyAll" classname="org.apache.nifi.attribute.expression.language.TestQuery" time="0.006"/>
  <testcase name="testMatches" classname="org.apache.nifi.attribute.expression.language.TestQuery" time="0.002"/>
  <testcase name="testReplace" classname="org.apache.nifi.attribute.expression.language.TestQuery" time="0.003"/>
  <testcase name="testSubstringAfterLast" classname="org.apache.nifi.attribute.expression.language.TestQuery" time="0.002"/>
  <testcase name="testWithBackSlashes" classname="org.apache.nifi.attribute.expression.language.TestQuery" time="0.002"/>
  <testcase name="testFromRadix" classname="org.apache.nifi.attribute.expression.language.TestQuery" time="0.031"/>
  <testcase name="testMathDecimalOperators" classname="org.apache.nifi.attribute.expression.language.TestQuery" time="0.055"/>
  <testcase name="testMathFunction" classname="org.apache.nifi.attribute.expression.language.TestQuery" time="0.055"/>
  <testcase name="testMathWholeNumberOperations" classname="org.apache.nifi.attribute.expression.language.TestQuery" time="0"/>
  <testcase name="testEmbeddedExpressionsAndQuotesWithProperties" classname="org.apache.nifi.attribute.expression.language.TestQuery" time="0"/>
  <testcase name="implicitDateConversion" classname="org.apache.nifi.attribute.expression.language.TestQuery" time="0">
    <skipped message="Requires specific locale"/>
  </testcase>
  <testcase name="testAnyMatchingAttribute" classname="org.apache.nifi.attribute.expression.language.TestQuery" time="0.028"/>
  <testcase name="testAnyDelineatedValue" classname="org.apache.nifi.attribute.expression.language.TestQuery" time="0.015"/>
  <testcase name="testSubstring" classname="org.apache.nifi.attribute.expression.language.TestQuery" time="0.004"/>
  <testcase name="testUnescapeFunctions" classname="org.apache.nifi.attribute.expression.language.TestQuery" time="0.005"/>
  <testcase name="testKeywords" classname="org.apache.nifi.attribute.expression.language.TestQuery" time="0.001"/>
  <testcase name="testAllMatchingAttributes" classname="org.apache.nifi.attribute.expression.language.TestQuery" time="0.009"/>
  <testcase name="testAppendPrepend" classname="org.apache.nifi.attribute.expression.language.TestQuery" time="0.035"/>
  <testcase name="testDecimalParsing" classname="org.apache.nifi.attribute.expression.language.TestQuery" time="0.257"/>
  <testcase name="testEquals" classname="org.apache.nifi.attribute.expression.language.TestQuery" time="0.002"/>
  <testcase name="testEscape" classname="org.apache.nifi.attribute.expression.language.TestQuery" time="0.844"/>
  <testcase name="testGetStateValue" classname="org.apache.nifi.attribute.expression.language.TestQuery" time="0.152"/>
  <testcase name="testIfElse" classname="org.apache.nifi.attribute.expression.language.TestQuery" time="0.052"/>
  <testcase name="testIsNull" classname="org.apache.nifi.attribute.expression.language.TestQuery" time="0.001"/>
  <testcase name="testReplaceEmpty" classname="org.apache.nifi.attribute.expression.language.TestQuery" time="0.033"/>
  <testcase name="testIndexOf" classname="org.apache.nifi.attribute.expression.language.TestQuery" time="0.014"/>
  <testcase name="testCompilation" classname="org.apache.nifi.attribute.expression.language.TestQuery" time="0.347"/>
  <testcase name="testCurlyBracesInQuotes" classname="org.apache.nifi.attribute.expression.language.TestQuery" time="0.014"/>
  <testcase name="testLiteralFunction" classname="org.apache.nifi.attribute.expression.language.TestQuery" time="0"/>
  <testcase name="testAttributeReferencesWithWhiteSpace" classname="org.apache.nifi.attribute.expression.language.TestQuery" time="0"/>
  <testcase name="testCompileEmbedded" classname="org.apache.nifi.attribute.expression.language.TestQuery" time="0"/>
  <testcase name="testIsEmpty" classname="org.apache.nifi.attribute.expression.language.TestQuery" time="0.033"/>
  <testcase name="testNotNull" classname="org.apache.nifi.attribute.expression.language.TestQuery" time="0"/>
  <testcase name="testDateToNumber" classname="org.apache.nifi.attribute.expression.language.TestQuery" time="0.003"/>
  <testcase name="testAllAttributes" classname="org.apache.nifi.attribute.expression.language.TestQuery" time="0.008"/>
  <testcase name="testExtractExpressionRanges" classname="org.apache.nifi.attribute.expression.language.TestQuery" time="0"/>
  <testcase name="testMathWholeNumberOperators" classname="org.apache.nifi.attribute.expression.language.TestQuery" time="0.001"/>
  <testcase name="testMathNumberDecimalConversion" classname="org.apache.nifi.attribute.expression.language.TestQuery" time="0.001"/>
  <testcase name="testAddOneDayToDate" classname="org.apache.nifi.attribute.expression.language.TestQuery" time="0.012"/>
  <testcase name="testReplaceAllWithOddNumberOfBackslashPairs" classname="org.apache.nifi.attribute.expression.language.TestQuery" time="0.011"/>
  <testcase name="testDateConversion" classname="org.apache.nifi.attribute.expression.language.TestQuery" time="0.025"/>
  <testcase name="testGetDelimitedField" classname="org.apache.nifi.attribute.expression.language.TestQuery" time="0.06"/>
  <testcase name="testRandomFunctionReturnsNumberType" classname="org.apache.nifi.attribute.expression.language.TestQuery" time="0"/>
</testsuite>